<?xml version="1.0" encoding="UTF-8"?>
<testsuite xmlns:xsi="http://www.w3.org/2001/XMLSchema-instance" xsi:noNamespaceSchemaLocation="https://maven.apache.org/surefire/maven-surefire-plugin/xsd/surefire-test-report-3.0.xsd" version="3.0" name="AsteroidMiningTests.SpaceShipTest" time="0.031" tests="3" errors="0" skipped="0" failures="0">
  <properties>
[...]
</properties>
  <testcase name="countResourceTest" classname="AsteroidMiningTests.SpaceShipTest" time="0.008"/>
  <testcase name="addResourceTest" classname="AsteroidMiningTests.SpaceShipTest" time="0.008"/>
  <testcase name="checkCapacityTest" classname="AsteroidMiningTests.SpaceShipTest" time="0.007"/>
</testsuite>