<?xml version="1.0" encoding="UTF-8"?>
<testsuite xmlns:xsi="http://www.w3.org/2001/XMLSchema-instance" xsi:noNamespaceSchemaLocation="https://maven.apache.org/surefire/maven-surefire-plugin/xsd/surefire-test-report-3.0.xsd" version="3.0" name="AsteroidMiningTests.SettlerTest" time="0.407" tests="13" errors="1" skipped="0" failures="1">
  <properties>
[...]
</properties>
  <testcase name="testDrillOnFullyDrilled" classname="AsteroidMiningTests.SettlerTest" time="0.03"/>
  <testcase name="buildGateFail" classname="AsteroidMiningTests.SettlerTest" time="0.026">
    <system-out><![CDATA[countResource("iron”): nIron
countResource("carbon”): nCarbon
countResource("uranium”): nUranium
You do not have enough resources!
]]></system-out>
  </testcase>
  <testcase name="buildGate" classname="AsteroidMiningTests.SettlerTest" time="0.045">
    <error message="Index 0 out of bounds for length 0" type="java.lang.IndexOutOfBoundsException"><![CDATA[java.lang.IndexOutOfBoundsException: Index 0 out of bounds for length 0
	at java.base/jdk.internal.util.Preconditions.outOfBounds(Preconditions.java:100)
	at java.base/jdk.internal.util.Preconditions.outOfBoundsCheckIndex(Preconditions.java:106)
	at java.base/jdk.internal.util.Preconditions.checkIndex(Preconditions.java:302)
	at java.base/java.util.Objects.checkIndex(Objects.java:385)
	at java.base/java.util.ArrayList.get(ArrayList.java:427)
	at AsteroidMining.Place.getNeighbour(Place.java:48)
	at AsteroidMiningTests.SettlerTest.buildGate(SettlerTest.java:141)
	at java.base/java.lang.reflect.Method.invoke(Method.java:578)
	at java.base/java.util.ArrayList.forEach(ArrayList.java:1511)
	at java.base/java.util.ArrayList.forEach(ArrayList.java:1511)
]]></error>
    <system-out><![CDATA[countResource("iron”): nIron
countResource("carbon”): nCarbon
countResource("uranium”): nUranium
Building a teleportation gate!
First Gate Added- addGate()
Second Gate Added- addGate()
No place detected
]]></system-out>
  </testcase>
  <testcase name="testFillSuccess" classname="AsteroidMiningTests.SettlerTest" time="0.033"/>
  <testcase name="testDrill" classname="AsteroidMiningTests.SettlerTest" time="0.028"/>
  <testcase name="testHideFail" classname="AsteroidMiningTests.SettlerTest" time="0.026"/>
  <testcase name="testDrillWithNoAsteroid" classname="AsteroidMiningTests.SettlerTest" time="0.025"/>
  <testcase name="testMineFail" classname="AsteroidMiningTests.SettlerTest" time="0.023">
    <system-out><![CDATA[Asteroid is not fully drilled!
]]></system-out>
  </testcase>
  <testcase name="buildRobot" classname="AsteroidMiningTests.SettlerTest" time="0.03">
    <failure message="expected: &lt;true&gt; but was: &lt;false&gt;" type="org.opentest4j.AssertionFailedError"><![CDATA[org.opentest4j.AssertionFailedError: expected: <true> but was: <false>
	at org.junit.jupiter.api.AssertionFailureBuilder.build(AssertionFailureBuilder.java:151)
	at org.junit.jupiter.api.AssertionFailureBuilder.buildAndThrow(AssertionFailureBuilder.java:132)
	at org.junit.jupiter.api.AssertTrue.failNotTrue(AssertTrue.java:63)
	at org.junit.jupiter.api.AssertTrue.assertTrue(AssertTrue.java:36)
	at org.junit.jupiter.api.AssertTrue.assertTrue(AssertTrue.java:31)
	at org.junit.jupiter.api.Assertions.assertTrue(Assertions.java:183)
	at AsteroidMiningTests.SettlerTest.buildRobot(SettlerTest.java:112)
	at java.base/java.lang.reflect.Method.invoke(Method.java:578)
	at java.base/java.util.ArrayList.forEach(ArrayList.java:1511)
	at java.base/java.util.ArrayList.forEach(ArrayList.java:1511)
]]></failure>
    <system-out><![CDATA[No place detected
]]></system-out>
  </testcase>
  <testcase name="testFillFail" classname="AsteroidMiningTests.SettlerTest" time="0.024"/>
  <testcase name="testMineOK" classname="AsteroidMiningTests.SettlerTest" time="0.035"/>
  <testcase name="testHideSuccess" classname="AsteroidMiningTests.SettlerTest" time="0.032"/>
  <testcase name="buildRobotFail" classname="AsteroidMiningTests.SettlerTest" time="0.031">
    <system-out><![CDATA[countResource("iron”): nIron
countResource("carbon”): nCarbon
countResource("uranium”): nUranium
You do not have enough resources!
]]></system-out>
  </testcase>
</testsuite>